2025-03-05 12:01:11,033 - Main - INFO - Browser invoiked  chrome
2025-03-05 12:01:11,161 - Main - INFO - Verify HomePage DropdownSection
2025-03-05 12:01:14,116 - Main - INFO - Browser invoiked  chrome
2025-03-05 12:01:14,306 - Main - INFO - Verify HomePage loginDropDown
2025-03-05 12:01:16,727 - Main - INFO - Browser invoiked  chrome
2025-03-05 12:01:17,195 - Main - INFO - verify LoginPage  emailTextBox displayed
2025-03-05 12:01:17,284 - Main - INFO - browser closed
2025-03-05 12:01:19,523 - Main - INFO - Browser invoiked  chrome
2025-03-05 12:01:19,990 - Main - INFO - verify LoginPage passwordText Displayed
2025-03-05 12:01:20,091 - Main - INFO - browser closed
2025-03-05 12:01:22,394 - Main - INFO - Browser invoiked  chrome
2025-03-05 12:01:22,849 - Main - INFO - Verify LoginPage LoginButton Displayed
2025-03-05 12:01:22,935 - Main - INFO - browser closed
2025-03-05 12:01:25,479 - Main - INFO - Browser invoiked  chrome
2025-03-05 12:01:26,849 - Main - INFO - Verified accountPage
2025-03-05 12:01:26,851 - Main - INFO - closing browser
2025-03-05 12:01:29,311 - Main - INFO - Browser invoiked  chrome
2025-03-05 12:01:30,551 - Main - INFO - Verified CheckingDesktopElement
2025-03-05 12:01:30,552 - Main - INFO - closing browser
2025-03-05 12:01:33,266 - Main - INFO - Browser invoiked  chrome
2025-03-05 12:01:34,644 - Main - INFO - Verify URl
2025-03-05 12:01:34,669 - Main - INFO - closing browser
2025-03-05 12:01:37,542 - Main - INFO - Browser invoiked  chrome
2025-03-05 12:01:38,816 - Main - INFO - Verify URl
2025-03-05 12:01:38,999 - Main - INFO - closing browser
